<?xml version="1.0" encoding="UTF-8"?>
<!-- Generated by org.testng.reporters.JUnitXMLReporter -->
<testsuite hostname="ODCQA-PC" ignored="0" name="Default test(failed)(failed)" tests="1" failures="0" timestamp="03 Oct 2018 11:48:15 GMT" time="0.051" errors="0">
  <testcase name="@BeforeMethod setup" time="0.006" classname="com.test.TestNgBasics">
    <failure type="java.lang.NullPointerException">
      <![CDATA[java.lang.NullPointerException
at com.test.TestNgBasics.setup(TestNgBasics.java:22)
... Removed 28 stack frames]]>
    </failure>
  </testcase> <!-- @BeforeMethod setup -->
  <testcase name="@AfterMethod tearDown" time="0.0" classname="com.test.TestNgBasics">
    <skipped/>
  </testcase> <!-- @AfterMethod tearDown -->
  <testcase name="CRXLiveTitleTest" time="0.0" classname="com.test.TestNgBasics">
    <skipped/>
  </testcase> <!-- CRXLiveTitleTest -->
</testsuite> <!-- Default test(failed)(failed) -->
